<?xml version="1.0" encoding="UTF-8"?>
<testsuite name="app.lyricsapp.model.AuthorsTest" tests="1" skipped="0" failures="0" errors="0" timestamp="2023-02-26T11:43:08" hostname="LAPTOP-5RFV2DSH" time="0.044">
  <properties/>
  <testcase name="testToString()" classname="app.lyricsapp.model.AuthorsTest" time="0.044"/>
  <system-out><![CDATA[]]></system-out>
  <system-err><![CDATA[]]></system-err>
</testsuite>
